449651305717147:(21845:21845)(kfree):call
449651305724100:(21845:21845)(kfree):return
449651305725579:(21845:21845)(kfree):call
449651305727153:(21845:21845)(__kmem_cache_free):call
449651305728525:(21845:21845)(__kmem_cache_free):return
449651305800008:(21845:21845)(kfree):return
449651305812030:(21845:21845)(kmem_cache_free):call
449651305821701:(21845:21845)(kmem_cache_free):return
449651305830381:(21845:21845)(syscall_exit_to_user_mode_prepare):call
449651305839140:(21845:21845)(syscall_exit_work):call
449651305849913:(21845:21845)(__audit_syscall_exit):call
449651305852432:(21845:21845)(__audit_syscall_exit):return
449651305854838:(21845:21845)(syscall_exit_work):return
449651305857253:(21845:21845)(syscall_exit_to_user_mode_prepare):return
449651305860482:(21845:21845)(exit_to_user_mode_prepare):call
449651305863155:(21845:21845)(_raw_spin_lock_irq):call
449651305865704:(21845:21845)(_raw_spin_lock_irq):return
449651305867916:(21845:21845)(_raw_spin_unlock_irq):call
449651305870599:(21845:21845)(_raw_spin_unlock_irq):return
449651305874335:(21845:21845)(__fput):call
449651305877772:(21845:21845)(__cond_resched):call
449651305879997:(21845:21845)(__cond_resched):return
449651305883346:(21845:21845)(mutex_lock):call
449651305884906:(21845:21845)(__cond_resched):call
449651305886964:(21845:21845)(__cond_resched):return
449651305889290:(21845:21845)(mutex_lock):return
449651305891884:(21845:21845)(_raw_spin_lock_irqsave):call
449651305893291:(21845:21845)(_raw_spin_lock_irqsave):return
449651305896600:(21845:21845)(_raw_spin_lock_irqsave):call
449651305897845:(21845:21845)(_raw_spin_lock_irqsave):return
449651305904870:(21845:21845)(_raw_spin_unlock_irqrestore):call
449651305907734:(21845:21845)(_raw_spin_unlock_irqrestore):return
449651305910259:(21845:21845)(_raw_spin_unlock_irqrestore):call
449651305915942:(21845:21845)(irq_enter_rcu):call
449651305921833:(21845:21845)(irqtime_account_irq):call
449651305925693:(21845:21845)(irqtime_account_irq):return
449651305929083:(21845:21845)(irq_enter_rcu):return
449651305936148:(21845:21845)(_raw_spin_lock_irqsave):call
449651305940816:(21845:21845)(_raw_spin_lock_irqsave):return
449651305947899:(21845:21845)(_raw_spin_unlock_irqrestore):call
449651305950353:(21845:21845)(_raw_spin_unlock_irqrestore):return
449651305952634:(21845:21845)(irq_exit_rcu):call
449651305955607:(21845:21845)(irqtime_account_irq):call
449651305958536:(21845:21845)(irqtime_account_irq):return
449651305960003:(21845:21845)(idle_cpu):call
449651305961408:(21845:21845)(idle_cpu):return
449651305962940:(21845:21845)(irq_exit_rcu):return
449651305964981:(21845:21845)(irq_enter_rcu):call
449651305966218:(21845:21845)(irqtime_account_irq):call
449651305967360:(21845:21845)(irqtime_account_irq):return
449651305968847:(21845:21845)(irq_enter_rcu):return
449651305970808:(21845:21845)(_raw_spin_lock_irqsave):call
449651305972420:(21845:21845)(_raw_spin_lock_irqsave):return
449651305974211:(21845:21845)(_raw_spin_unlock_irqrestore):call
449651305976131:(21845:21845)(_raw_spin_unlock_irqrestore):return
449651305978135:(21845:21845)(irq_exit_rcu):call
449651305979253:(21845:21845)(irqtime_account_irq):call
449651305981001:(21845:21845)(irqtime_account_irq):return
449651305982200:(21845:21845)(idle_cpu):call
449651305983705:(21845:21845)(idle_cpu):return
449651305984769:(21845:21845)(irq_exit_rcu):return
449651305986522:(21845:21845)(irq_enter_rcu):call
449651305988310:(21845:21845)(irqtime_account_irq):call
449651305990191:(21845:21845)(irqtime_account_irq):return
449651305991169:(21845:21845)(irq_enter_rcu):return
449651305992998:(21845:21845)(_raw_spin_lock_irqsave):call
449651305994149:(21845:21845)(_raw_spin_lock_irqsave):return
449651305995996:(21845:21845)(_raw_spin_unlock_irqrestore):call
449651305997094:(21845:21845)(_raw_spin_unlock_irqrestore):return
449651305999290:(21845:21845)(irq_exit_rcu):call
449651306000856:(21845:21845)(irqtime_account_irq):call
449651306002263:(21845:21845)(irqtime_account_irq):return
449651306003488:(21845:21845)(idle_cpu):call
449651306004589:(21845:21845)(idle_cpu):return
449651306005970:(21845:21845)(irq_exit_rcu):return
449651306007730:(21845:21845)(irq_enter_rcu):call
449651306008978:(21845:21845)(irqtime_account_irq):call
449651306010408:(21845:21845)(irqtime_account_irq):return
449651306011786:(21845:21845)(irq_enter_rcu):return
449651306013923:(21845:21845)(_raw_spin_lock_irqsave):call
449651306015042:(21845:21845)(_raw_spin_lock_irqsave):return
449651306017104:(21845:21845)(_raw_spin_unlock_irqrestore):call
449651306018366:(21845:21845)(_raw_spin_unlock_irqrestore):return
449651306020129:(21845:21845)(irq_exit_rcu):call
449651306021165:(21845:21845)(irqtime_account_irq):call
449651306022889:(21845:21845)(irqtime_account_irq):return
449651306024142:(21845:21845)(idle_cpu):call
449651306025704:(21845:21845)(idle_cpu):return
449651306026937:(21845:21845)(irq_exit_rcu):return
449651306028874:(21845:21845)(irq_enter_rcu):call
449651306030361:(21845:21845)(irqtime_account_irq):call
449651306032054:(21845:21845)(irqtime_account_irq):return
449651306033084:(21845:21845)(irq_enter_rcu):return
449651306035164:(21845:21845)(_raw_spin_lock_irqsave):call
449651306036445:(21845:21845)(_raw_spin_lock_irqsave):return
449651306038223:(21845:21845)(_raw_spin_unlock_irqrestore):call
449651306039225:(21845:21845)(_raw_spin_unlock_irqrestore):return
449651306040914:(21845:21845)(irq_exit_rcu):call
449651306042387:(21845:21845)(irqtime_account_irq):call
449651306043823:(21845:21845)(irqtime_account_irq):return
449651306045094:(21845:21845)(idle_cpu):call
449651306046799:(21845:21845)(idle_cpu):return
449651306048282:(21845:21845)(irq_exit_rcu):return
449651306049905:(21845:21845)(irq_enter_rcu):call
449651306051063:(21845:21845)(irqtime_account_irq):call
449651306052677:(21845:21845)(irqtime_account_irq):return
449651306054156:(21845:21845)(irq_enter_rcu):return
449651306056001:(21845:21845)(_raw_spin_lock_irqsave):call
449651306057348:(21845:21845)(_raw_spin_lock_irqsave):return
449651306058914:(21845:21845)(_raw_spin_unlock_irqrestore):call
449651306060465:(21845:21845)(_raw_spin_unlock_irqrestore):return
449651306061750:(21845:21845)(irq_exit_rcu):call
449651306063251:(21845:21845)(irqtime_account_irq):call
449651306064998:(21845:21845)(irqtime_account_irq):return
449651306066683:(21845:21845)(idle_cpu):call
449651306067866:(21845:21845)(idle_cpu):return
449651306068994:(21845:21845)(irq_exit_rcu):return
449651306070886:(21845:21845)(irq_enter_rcu):call
449651306072286:(21845:21845)(irqtime_account_irq):call
449651306073883:(21845:21845)(irqtime_account_irq):return
449651306075087:(21845:21845)(irq_enter_rcu):return
449651306077129:(21845:21845)(_raw_spin_lock_irqsave):call
449651306078428:(21845:21845)(_raw_spin_lock_irqsave):return
449651306080104:(21845:21845)(_raw_spin_unlock_irqrestore):call
449651306081289:(21845:21845)(_raw_spin_unlock_irqrestore):return
449651306082424:(21845:21845)(irq_exit_rcu):call
449651306084461:(21845:21845)(irqtime_account_irq):call
449651306085655:(21845:21845)(irqtime_account_irq):return
449651306087347:(21845:21845)(idle_cpu):call
449651306088245:(21845:21845)(idle_cpu):return
449651306089812:(21845:21845)(irq_exit_rcu):return
449651306091789:(21845:21845)(irq_enter_rcu):call
449651306093231:(21845:21845)(irqtime_account_irq):call
449651306094161:(21845:21845)(irqtime_account_irq):return
449651306095499:(21845:21845)(irq_enter_rcu):return
449651306097027:(21845:21845)(_raw_spin_lock_irqsave):call
449651306098434:(21845:21845)(_raw_spin_lock_irqsave):return
449651306100032:(21845:21845)(_raw_spin_unlock_irqrestore):call
449651306101322:(21845:21845)(_raw_spin_unlock_irqrestore):return
449651306103370:(21845:21845)(irq_exit_rcu):call
449651306105076:(21845:21845)(irqtime_account_irq):call
449651306106109:(21845:21845)(irqtime_account_irq):return
449651306107586:(21845:21845)(idle_cpu):call
449651306108988:(21845:21845)(idle_cpu):return
449651306110299:(21845:21845)(irq_exit_rcu):return
449651306112028:(21845:21845)(irq_enter_rcu):call
449651306113911:(21845:21845)(irqtime_account_irq):call
449651306115148:(21845:21845)(irqtime_account_irq):return
449651306116955:(21845:21845)(irq_enter_rcu):return
449651306118563:(21845:21845)(_raw_spin_lock_irqsave):call
449651306120193:(21845:21845)(_raw_spin_lock_irqsave):return
449651306121698:(21845:21845)(_raw_spin_unlock_irqrestore):call
449651306123240:(21845:21845)(_raw_spin_unlock_irqrestore):return
449651306124573:(21845:21845)(irq_exit_rcu):call
449651306126425:(21845:21845)(irqtime_account_irq):call
449651306128107:(21845:21845)(irqtime_account_irq):return
449651306129739:(21845:21845)(idle_cpu):call
449651306131113:(21845:21845)(idle_cpu):return
449651306132204:(21845:21845)(irq_exit_rcu):return
449651306134263:(21845:21845)(irq_enter_rcu):call
449651306135755:(21845:21845)(irqtime_account_irq):call
449651306137490:(21845:21845)(irqtime_account_irq):return
449651306138257:(21845:21845)(irq_enter_rcu):return
449651306139967:(21845:21845)(_raw_spin_lock_irqsave):call
449651306141326:(21845:21845)(_raw_spin_lock_irqsave):return
449651306142941:(21845:21845)(_raw_spin_unlock_irqrestore):call
449651306143993:(21845:21845)(_raw_spin_unlock_irqrestore):return
449651306146020:(21845:21845)(irq_exit_rcu):call
449651306147271:(21845:21845)(irqtime_account_irq):call
449651306149021:(21845:21845)(irqtime_account_irq):return
449651306150343:(21845:21845)(idle_cpu):call
449651306151936:(21845:21845)(idle_cpu):return
449651306153351:(21845:21845)(irq_exit_rcu):return
449651306155400:(21845:21845)(irq_enter_rcu):call
449651306156749:(21845:21845)(irqtime_account_irq):call
449651306158440:(21845:21845)(irqtime_account_irq):return
449651306159673:(21845:21845)(irq_enter_rcu):return
449651306160914:(21845:21845)(_raw_spin_lock_irqsave):call
449651306161783:(21845:21845)(_raw_spin_lock_irqsave):return
449651306163150:(21845:21845)(_raw_spin_unlock_irqrestore):call
449651306164098:(21845:21845)(_raw_spin_unlock_irqrestore):return
449651306165525:(21845:21845)(irq_exit_rcu):call
449651306166404:(21845:21845)(irqtime_account_irq):call
449651306167628:(21845:21845)(irqtime_account_irq):return
449651306169374:(21845:21845)(idle_cpu):call
449651306170457:(21845:21845)(idle_cpu):return
449651306171490:(21845:21845)(irq_exit_rcu):return
449651306172920:(21845:21845)(_raw_spin_unlock_irqrestore):return
449651306174229:(21845:21845)(_raw_spin_lock_irqsave):call
449651306175561:(21845:21845)(_raw_spin_lock_irqsave):return
449651306176842:(21845:21845)(_raw_spin_unlock_irqrestore):call
449651306177852:(21845:21845)(_raw_spin_unlock_irqrestore):return
449651306179116:(21845:21845)(mutex_unlock):call
449651306180884:(21845:21845)(mutex_unlock):return
449651306184624:(21845:21845)(_raw_spin_lock):call
449651306186282:(21845:21845)(_raw_spin_lock):return
449651306188480:(21845:21845)(_raw_spin_unlock):call
449651306189664:(21845:21845)(_raw_spin_unlock):return
449651306192308:(21845:21845)(dput):call
449651306194809:(21845:21845)(__cond_resched):call
449651306196639:(21845:21845)(__cond_resched):return
449651306198886:(21845:21845)(dput):return
449651306201957:(21845:21845)(mntput):call
449651306203024:(21845:21845)(mntput):return
449651306204139:(21845:21845)(kmem_cache_free):call
449651306205971:(21845:21845)(__slab_free):call
449651306208669:(21845:21845)(__slab_free):return
449651306210733:(21845:21845)(kmem_cache_free):return
449651306212495:(21845:21845)(__call_rcu_common.constprop.0):call
449651306214769:(21845:21845)(rcu_nocb_try_bypass):call
449651306217920:(21845:21845)(rcu_segcblist_pend_cbs):call
449651306219060:(21845:21845)(rcu_segcblist_pend_cbs):return
449651306220460:(21845:21845)(rcu_nocb_try_bypass):return
449651306224060:(21845:21845)(rcu_segcblist_enqueue):call
449651306226501:(21845:21845)(rcu_segcblist_enqueue):return
449651306228010:(21845:21845)(__call_rcu_common.constprop.0):return
449651306229147:(21845:21845)(__fput):return
449651306232040:(21845:21845)(__cond_resched):call
449651306235163:(21845:21845)(__cond_resched):return
449651306238018:(21845:21845)(mem_cgroup_handle_over_high):call
449651306240262:(21845:21845)(mem_cgroup_handle_over_high):return
449651306242616:(21845:21845)(exit_to_user_mode_prepare):return
